<?xml version="1.0" encoding="UTF-8"?>
<!-- Generated by org.testng.reporters.JUnitXMLReporter -->
<testsuite hostname="DESKTOP-9P43CVK" failures="0" tests="5" name="Default test" time="11.721" errors="0" timestamp="18 May 2021 14:34:51 GMT">
  <testcase classname="Interview.Infostretch.TestContactUs" name="MobileLoginHomeLoan" time="0.0">
    <skipped/>
  </testcase> <!-- MobileLoginHomeLoan -->
  <testcase classname="Interview.Infostretch.TestContactUs" name="testCase6" time="1.873"/>
  <testcase classname="Interview.Infostretch.TestContactUs" name="testCase7" time="0.894"/>
  <testcase classname="Interview.Infostretch.TestContactUs" name="testCase8" time="0.694"/>
  <testcase classname="Interview.Infostretch.TestContactUs" name="testCase9" time="0.915"/>
</testsuite> <!-- Default test -->
