<?xml version="1.0" encoding="UTF-8"?>
<!-- Generated by org.testng.reporters.JUnitXMLReporter -->
<testsuite hostname="DESKTOP-9P43CVK" failures="0" tests="10" name="Test" time="27.022" errors="0" timestamp="18 May 2021 14:38:06 GMT">
  <testcase classname="Interview.Infostretch.TestHomePage" name="testCase1" time="0.937"/>
  <testcase classname="Interview.Infostretch.TestHomePage" name="testCase2" time="0.63"/>
  <testcase classname="Interview.Infostretch.TestHomePage" name="testCase3" time="1.218"/>
  <testcase classname="Interview.Infostretch.TestHomePage" name="testCase4" time="0.31"/>
  <testcase classname="Interview.Infostretch.TestHomePage" name="testCase5" time="0.831"/>
  <testcase classname="Interview.Infostretch.TestContactUs" name="testCase6" time="1.812"/>
  <testcase classname="Interview.Infostretch.TestContactUs" name="testCase7" time="0.892"/>
  <testcase classname="Interview.Infostretch.TestContactUs" name="testCase8" time="0.84"/>
  <testcase classname="Interview.Infostretch.TestContactUs" name="testCase9" time="1.027"/>
  <testcase classname="Interview.Infostretch.TestContactUsDataBase" name="testCase9" time="0.028"/>
</testsuite> <!-- Test -->
