<?xml version="1.0" encoding="UTF-8"?>
<testng-results total="10" passed="10" failed="0" skipped="0">
  <reporter-output>
  </reporter-output>
  <suite started-at="2021-05-18T14:37:38Z" name="Suite" finished-at="2021-05-18T14:38:06Z" duration-ms="27022">
    <groups>
    </groups>
    <test started-at="2021-05-18T14:37:38Z" name="Test" finished-at="2021-05-18T14:38:06Z" duration-ms="27022">
      <class name="Interview.Infostretch.TestContactUs">
        <test-method is-config="true" signature="initialize()[pri:0, instance:Interview.Infostretch.TestContactUs@f14a7d4]" started-at="2021-05-18T09:37:38Z" name="initialize" finished-at="2021-05-18T09:37:45Z" duration-ms="6451" status="PASS">
          <reporter-output>
          </reporter-output>
        </test-method> <!-- initialize -->
        <test-method is-config="true" signature="connectingDataBase()[pri:0, instance:Interview.Infostretch.TestContactUsDataBase@6b58b9e9]" started-at="2021-05-18T09:37:45Z" name="connectingDataBase" finished-at="2021-05-18T09:37:45Z" duration-ms="179" status="PASS">
          <reporter-output>
          </reporter-output>
        </test-method> <!-- connectingDataBase -->
        <test-method is-config="true" signature="initialize()[pri:0, instance:Interview.Infostretch.TestHomePage@13b3d178]" started-at="2021-05-18T09:37:45Z" name="initialize" finished-at="2021-05-18T09:37:49Z" duration-ms="3563" status="PASS">
          <reporter-output>
          </reporter-output>
        </test-method> <!-- initialize -->
        <test-method signature="testCase6()[pri:0, instance:Interview.Infostretch.TestContactUs@f14a7d4]" started-at="2021-05-18T09:37:53Z" name="testCase6" finished-at="2021-05-18T09:37:54Z" duration-ms="1812" status="PASS">
          <reporter-output>
          </reporter-output>
        </test-method> <!-- testCase6 -->
        <test-method signature="testCase7()[pri:0, instance:Interview.Infostretch.TestContactUs@f14a7d4]" started-at="2021-05-18T09:37:54Z" name="testCase7" finished-at="2021-05-18T09:37:55Z" duration-ms="892" status="PASS">
          <reporter-output>
          </reporter-output>
        </test-method> <!-- testCase7 -->
        <test-method signature="testCase8()[pri:0, instance:Interview.Infostretch.TestContactUs@f14a7d4]" started-at="2021-05-18T09:37:55Z" name="testCase8" finished-at="2021-05-18T09:37:56Z" duration-ms="840" status="PASS">
          <reporter-output>
          </reporter-output>
        </test-method> <!-- testCase8 -->
        <test-method signature="testCase9(java.lang.String, java.lang.String)[pri:0, instance:Interview.Infostretch.TestContactUs@f14a7d4]" started-at="2021-05-18T09:37:56Z" name="testCase9" data-provider="getData" finished-at="2021-05-18T09:37:57Z" duration-ms="1027" status="PASS">
          <params>
            <param index="0">
              <value>
                <![CDATA[Mustafa]]>
              </value>
            </param>
            <param index="1">
              <value>
                <![CDATA[Aras]]>
              </value>
            </param>
          </params>
          <reporter-output>
          </reporter-output>
        </test-method> <!-- testCase9 -->
        <test-method is-config="true" signature="tearDown()[pri:0, instance:Interview.Infostretch.TestContactUs@f14a7d4]" started-at="2021-05-18T09:37:57Z" name="tearDown" finished-at="2021-05-18T09:38:01Z" duration-ms="4142" status="PASS">
          <reporter-output>
          </reporter-output>
        </test-method> <!-- tearDown -->
        <test-method is-config="true" signature="closingDataBase()[pri:0, instance:Interview.Infostretch.TestContactUsDataBase@6b58b9e9]" started-at="2021-05-18T09:38:01Z" name="closingDataBase" finished-at="2021-05-18T09:38:01Z" duration-ms="1" status="PASS">
          <reporter-output>
          </reporter-output>
        </test-method> <!-- closingDataBase -->
        <test-method is-config="true" signature="tearDown()[pri:0, instance:Interview.Infostretch.TestHomePage@13b3d178]" started-at="2021-05-18T09:38:01Z" name="tearDown" finished-at="2021-05-18T09:38:06Z" duration-ms="4146" status="PASS">
          <reporter-output>
          </reporter-output>
        </test-method> <!-- tearDown -->
      </class> <!-- Interview.Infostretch.TestContactUs -->
      <class name="Interview.Infostretch.TestHomePage">
        <test-method signature="testCase1()[pri:0, instance:Interview.Infostretch.TestHomePage@13b3d178]" started-at="2021-05-18T09:37:49Z" name="testCase1" finished-at="2021-05-18T09:37:50Z" duration-ms="937" status="PASS">
          <reporter-output>
          </reporter-output>
        </test-method> <!-- testCase1 -->
        <test-method signature="testCase2()[pri:0, instance:Interview.Infostretch.TestHomePage@13b3d178]" started-at="2021-05-18T09:37:50Z" name="testCase2" finished-at="2021-05-18T09:37:50Z" duration-ms="630" status="PASS">
          <reporter-output>
          </reporter-output>
        </test-method> <!-- testCase2 -->
        <test-method signature="testCase3()[pri:0, instance:Interview.Infostretch.TestHomePage@13b3d178]" started-at="2021-05-18T09:37:50Z" name="testCase3" finished-at="2021-05-18T09:37:51Z" duration-ms="1218" status="PASS">
          <reporter-output>
          </reporter-output>
        </test-method> <!-- testCase3 -->
        <test-method signature="testCase4()[pri:0, instance:Interview.Infostretch.TestHomePage@13b3d178]" started-at="2021-05-18T09:37:51Z" name="testCase4" finished-at="2021-05-18T09:37:52Z" duration-ms="310" status="PASS">
          <reporter-output>
          </reporter-output>
        </test-method> <!-- testCase4 -->
        <test-method signature="testCase5()[pri:0, instance:Interview.Infostretch.TestHomePage@13b3d178]" started-at="2021-05-18T09:37:52Z" name="testCase5" finished-at="2021-05-18T09:37:53Z" duration-ms="831" status="PASS">
          <reporter-output>
          </reporter-output>
        </test-method> <!-- testCase5 -->
      </class> <!-- Interview.Infostretch.TestHomePage -->
      <class name="Interview.Infostretch.TestContactUsDataBase">
        <test-method signature="testCase9()[pri:0, instance:Interview.Infostretch.TestContactUsDataBase@6b58b9e9]" started-at="2021-05-18T09:37:57Z" name="testCase9" finished-at="2021-05-18T09:37:57Z" duration-ms="28" status="PASS">
          <reporter-output>
          </reporter-output>
        </test-method> <!-- testCase9 -->
      </class> <!-- Interview.Infostretch.TestContactUsDataBase -->
    </test> <!-- Test -->
  </suite> <!-- Suite -->
</testng-results>
